2025-12-02T13:15:39,091 INFO  [LoggingFilter] Filter initialized
2025-12-02T13:15:47,671 INFO  [LoggingFilter] Filter destroyed
2025-12-02T13:15:51,847 INFO  [LoggingFilter] Filter initialized
2025-12-02T13:15:54,086 INFO  [LoggingFilter] Incoming Request : GET /MavenProject11_Filter_Listeners/ from IP 0:0:0:0:0:0:0:1
2025-12-02T13:15:54,166 INFO  [LoggingFilter] Response sent for /MavenProject11_Filter_Listeners/ 
2025-12-02T13:15:58,631 INFO  [LoggingFilter] Incoming Request : GET /MavenProject11_Filter_Listeners/HelloServlet from IP 0:0:0:0:0:0:0:1
2025-12-02T13:15:58,631 INFO  [HelloServlet] HelloServlet execution Started
2025-12-02T13:15:58,632 INFO  [HelloServlet] HelloServlet execution Completed
2025-12-02T13:15:58,632 INFO  [LoggingFilter] Response sent for /MavenProject11_Filter_Listeners/HelloServlet 
2025-12-02T14:08:14,870 INFO  [LoggingFilter] Filter destroyed
2025-12-02T14:08:19,198 INFO  [LoggingFilter] Filter initialized
2025-12-02T14:08:21,493 INFO  [LoggingFilter] Incoming Request : GET /MavenProject11_Filter_Listeners/ from IP 0:0:0:0:0:0:0:1
2025-12-02T14:08:21,570 INFO  [LoggingFilter] Response sent for /MavenProject11_Filter_Listeners/ 
2025-12-02T14:08:26,330 INFO  [LoggingFilter] Incoming Request : GET /MavenProject11_Filter_Listeners/HelloServlet from IP 0:0:0:0:0:0:0:1
2025-12-02T14:08:26,331 INFO  [HelloServlet] HelloServlet execution Started
2025-12-02T14:08:26,331 INFO  [HelloServlet] HelloServlet execution Completed
2025-12-02T14:08:26,332 INFO  [LoggingFilter] Response sent for /MavenProject11_Filter_Listeners/HelloServlet 
2025-12-02T14:21:36,851 INFO  [LoggingFilter] Filter initialized
2025-12-02T14:21:39,116 INFO  [LoggingFilter] Incoming Request : GET /MavenProject11_Filter_Listeners/ from IP 0:0:0:0:0:0:0:1
2025-12-02T14:21:39,190 INFO  [LoggingFilter] Response sent for /MavenProject11_Filter_Listeners/ 
2025-12-02T14:21:42,851 INFO  [LoggingFilter] Incoming Request : GET /MavenProject11_Filter_Listeners/HelloServlet from IP 0:0:0:0:0:0:0:1
2025-12-02T14:21:42,851 INFO  [HelloServlet] HelloServlet execution Started
2025-12-02T14:21:42,852 INFO  [HelloServlet] HelloServlet execution Completed
2025-12-02T14:21:42,852 INFO  [LoggingFilter] Response sent for /MavenProject11_Filter_Listeners/HelloServlet 
2025-12-02T14:23:06,784 INFO  [LoggingFilter] Filter destroyed
2025-12-02T14:23:07,906 INFO  [LoggingFilter] Filter initialized
2025-12-02T14:23:56,676 INFO  [LoggingFilter] Incoming Request : GET /MavenProject11_Filter_Listeners/HelloServlet from IP 0:0:0:0:0:0:0:1
2025-12-02T14:23:56,677 INFO  [HelloServlet] HelloServlet execution Started
2025-12-02T14:23:56,677 INFO  [HelloServlet] HelloServlet execution Completed
2025-12-02T14:23:56,678 INFO  [LoggingFilter] Response sent for /MavenProject11_Filter_Listeners/HelloServlet 
2025-12-02T14:34:37,654 INFO  [LoggingFilter] Filter destroyed
2025-12-02T14:34:41,871 INFO  [LoggingFilter] Filter initialized
